|  Provider | Machine Name  | IP Address  |  Arch |  OS | user | notes |
|---|---|---|---|---|---|---|
|  1&1 |  build-1and1-win2008r2-1 | 109.228.48.187 | x64 | Win Server 2008r2  |  Administrator ||
|  Linaro |  	build-linaro-armv8-centos7-1 |  64.28.99.122 | aarch64  |  Centos7 | centos ||
|  Linaro |  build-linaro-armv8-centos7-2 |  192.168.1.14 |  arch64 |  Centos7 |  centos |  (ssh via build-linaro-armv8-centos7-1) |
| MacStadium  |  build-macstadium-macos1010-1 |  207.254.50.138 | x64  |  MacOS10.10 | administrator  ||
| MacStadium  |  build-macstadium-macos1010-2 |  208.83.1.242 | x64  |  MacOS10.10 | administrator  ||
| MacStadium  |  jck-macstadium-macos1010-1 |  207.254.71.30 | x64  |  MacOS10.10 | administrator  | Only for JCK use |
| MacStadium  |  jck-macstadium-macos1010-2 |  207.254.71.31 | x64  |  MacOS10.10 | administrator  | Only for JCK use |
|  Marist |  build-marist-s390x-sles-12 |  148.100.110.56 | s390x  | Sles12  |  linux1 ||
|  Marist |  build-marist-s390x-ubuntu-16.04-1 |  148.100.33.147 | s390x  | Ubuntu16.04  |  linux1 ||
|  Marist |  build-marist-s390x-ubuntu-16.04-2 |  148.100.33.178 | s390x  | Ubuntu16.04  |  linux1 ||
|  Marist |  build-marist-s390x-ubuntu-16.04-3 |  148.100.33.179 | s390x  | Ubuntu16.04  |  linux1 ||
|  Marist |  build-marist-s390x-zOS-1 |  148.100.36.136 | s390x  | zOS 2.1  |  OPEN1 ||
|  Marist |  build-marist-s390x-zOS-2 |  148.100.36.137 | s390x  | zOS 2.1  |  OPEN1 ||
|  Marist |  jck-marist-s390x-ubuntu-16.04-1 |  148.100.33.183 | s390x  | Ubuntu16.04  |  linux1 ||
|  Marist |  jck-marist-s390x-ubuntu-16.04-2 |  148.100.33.184 | s390x  | Ubuntu16.04  |  linux1 ||
|  osuosl |  build-osuosl-ppc64le-centos-7.2 |  140.211.168.138 | ppc64le  | Centos72  |  centos ||
|  osuosl |  build-osuosl-ppc64le-fedora-24-1 |  140.211.168.134 | ppc64le  | Fedora 24  |  fedora ||
|  osuosl |  build-osuosl-ppc64le-fedora-24-2 |  140.211.168.139 | ppc64le  | Fedora 24  |  fedora ||
|  osuosl |  build-osuosl-ppc64le-ubuntu-16.10 |  140.211.168.225 | ppc64le  | Ubuntu16.10  |  ubuntu ||
|  osuosl |  jck-osuosl-ppc64le-ubuntu-16.04-1 |  140.211.168.135 | ppc64le  | Ubuntu16.10  |  ubuntu | Only for JCK use |
|  osuosl |  jck-osuosl-ppc64le-ubuntu-16.04-2 |  140.211.168.217 | ppc64le  | Ubuntu16.10  |  ubuntu | Only for JCK use |
|  osuosl |  build-osuosl-ppc64-aix-71-1|  140.211.9.10 | ppc64  | aix71  |  root ||
|  osuosl |  build-osuosl-ppc64-aix-71-2|  140.211.9.12 | ppc64  | aix71  |  root ||
|  Packet |  build-packet-armv8-ubuntu-16.04  |  147.75.196.30 | aarch64  |  Ubuntu16.04 | root ||
|  Packet |  test-packet-armv8-ubuntu-16.04  |  147.75.74.50 | aarch64  |  Ubuntu16.04 | root ||
|  Packet |  jck-packet-armv8-ubuntu-16.04  |  147.75.193.234 | aarch64  |  Ubuntu16.04 | root ||
|  Packet |  test-packet-x64-ubuntu-16.04-1  |  147.75.204.239 | x64  |  Ubuntu16.04 | root | Only for JCK use |
|  Packet |  test-packet-x64-windows-2012r2-1 | 147.75.101.30 | x64 | Win Server 2012r2  |  Admin ||
| MacInCloud  |  test-macincloud-macos1010-1 |  74.80.250.151 | x64  |  MacOS10.10 | admin  ||
| MacInCloud  |  test-macincloud-macos1010-2 |  74.80.250.173 | x64  |  MacOS10.10 | admin  ||
|  Joyent |  build-joyent-x64-smartOS-14-1  | 165.225.138.202 | x64 | SmartOS14.4.0  |  root ||
|  Joyent |  build-joyent-x64-freebsd-11-1  | 165.225.138.105 | x64 | FreeBSD11-1  |  root ||
|  Joyent |  build-joyent-x64-ubuntu-16.04-1  | 37.153.108.134 | x64 | Ubuntu16.04  |  root ||
|  Joyent |  build-joyent-x64-ubuntu-16.04-2  | 37.153.108.194  | x64 | Ubuntu16.04  |  root ||
|  Joyent |  jck-joyent-x64-windows-2012r2 | 165.225.150.83  | x64 | Win Server 2012r2 | Administrator ||
|  Scaleway |  build-scaleway-x64-ubuntu-16.04-2  |  51.15.46.107 | x64 |  Ubuntu16.04 | root ||
|  Scaleway |  build-scaleway-armv7-ubuntu16.04-1  |  212.47.233.28 | arm  |  Ubuntu16.04 | root ||
|  Scaleway |  build-scaleway-armv7-ubuntu16.04-2  |  212.47.246.7 | arm  |  Ubuntu16.04 | root ||
|  Scaleway | test-scaleway-x64-ubuntu-16.04-1 | 51.15.76.107 | x86_64 | Ubuntu16.04 | root ||
| SoftLayer | build-win2012-1 | 37.58.193.195 | x64 | Win Server 2012 R2 | Administrator ||
| SoftLayer | build-win2012-2 | 37.58.103.196 | x64 | Win Server 2012 R2 | Administrator ||
| SoftLayer | jck-softlayer-x64-ubuntu-16.04-1 | 159.122.210.205 | x64 | Ubuntu16.04 | root | Only for JCK use |
| SoftLayer | jck-softlayer-x64-ubuntu-16.04-2 | 159.122.210.194 | x64 | Ubuntu16.04 | root | Only for JCK use |
